[01m[K/home/varun/rotors_ws/src/rotors_simulator/rotors_gazebo/src/webcam_pub.cpp:[m[K In function ‘[01m[Kvoid imageCallback(const ImageConstPtr&)[m[K’:
[01m[K/home/varun/rotors_ws/src/rotors_simulator/rotors_gazebo/src/webcam_pub.cpp:39:25:[m[K [01;31m[Kerror: [m[Kno matching function for call to ‘[01m[Kimshow(const char [5], cv::Rect2d&)[m[K’
   39 |     cv::imshow("view", r[01;31m[K)[m[K;
      |                         [01;31m[K^[m[K
In file included from [01m[K/usr/include/opencv4/opencv2/highgui/highgui.hpp:48[m[K,
                 from [01m[K/home/varun/rotors_ws/src/rotors_simulator/rotors_gazebo/src/webcam_pub.cpp:3[m[K:
[01m[K/usr/include/opencv4/opencv2/highgui.hpp:390:19:[m[K [01;36m[Knote: [m[Kcandidate: ‘[01m[Kvoid cv::imshow(const String&, cv::InputArray)[m[K’
  390 | CV_EXPORTS_W void [01;36m[Kimshow[m[K(const String& winname, InputArray mat);
      |                   [01;36m[K^~~~~~[m[K
[01m[K/usr/include/opencv4/opencv2/highgui.hpp:390:60:[m[K [01;36m[Knote: [m[K  no known conversion for argument 2 from ‘[01m[Kcv::Rect2d[m[K’ {aka ‘[01m[Kcv::Rect_<double>[m[K’} to ‘[01m[Kcv::InputArray[m[K’ {aka ‘[01m[Kconst cv::_InputArray&[m[K’}
  390 | CV_EXPORTS_W void imshow(const String& winname, [01;36m[KInputArray mat[m[K);
      |                                                 [01;36m[K~~~~~~~~~~~^~~[m[K
[01m[K/usr/include/opencv4/opencv2/highgui.hpp:625:17:[m[K [01;36m[Knote: [m[Kcandidate: ‘[01m[Kvoid cv::imshow(const String&, const cv::ogl::Texture2D&)[m[K’
  625 | CV_EXPORTS void [01;36m[Kimshow[m[K(const String& winname, const ogl::Texture2D& tex);
      |                 [01;36m[K^~~~~~[m[K
[01m[K/usr/include/opencv4/opencv2/highgui.hpp:625:69:[m[K [01;36m[Knote: [m[K  no known conversion for argument 2 from ‘[01m[Kcv::Rect2d[m[K’ {aka ‘[01m[Kcv::Rect_<double>[m[K’} to ‘[01m[Kconst cv::ogl::Texture2D&[m[K’
  625 | CV_EXPORTS void imshow(const String& winname, [01;36m[Kconst ogl::Texture2D& tex[m[K);
      |                                               [01;36m[K~~~~~~~~~~~~~~~~~~~~~~^~~[m[K
make[2]: *** [CMakeFiles/webcam_pub.dir/build.make:76: CMakeFiles/webcam_pub.dir/src/webcam_pub.cpp.o] Error 1
make[1]: *** [CMakeFiles/Makefile2:1517: CMakeFiles/webcam_pub.dir/all] Error 2
make: *** [Makefile:146: all] Error 2
