[  0%] Built target rosgraph_msgs_generate_messages_py
[  9%] Built target sdf
[35m[1mConsolidate compiler generated dependencies of target webcam_pub[0m
[  9%] Built target std_msgs_generate_messages_cpp
[  9%] Built target std_msgs_generate_messages_eus
[  9%] Built target gazebo_msgs_generate_messages_eus
[  9%] Built target gazebo_msgs_generate_messages_lisp
[  9%] Built target std_msgs_generate_messages_lisp
[  9%] Built target gazebo_msgs_generate_messages_cpp
[  9%] Built target gazebo_msgs_generate_messages_py
[  9%] Built target gazebo_msgs_generate_messages_nodejs
[  9%] Built target std_msgs_generate_messages_nodejs
[  9%] Built target trajectory_msgs_generate_messages_lisp
[  9%] Built target std_msgs_generate_messages_py
[  9%] Built target trajectory_msgs_generate_messages_cpp
[  9%] Built target trajectory_msgs_generate_messages_eus
[  9%] Built target trajectory_msgs_generate_messages_py
[  9%] Built target trajectory_msgs_generate_messages_nodejs
[  9%] Built target geometry_msgs_generate_messages_lisp
[  9%] Built target geometry_msgs_generate_messages_eus
[  9%] Built target geometry_msgs_generate_messages_cpp
[  9%] Built target geometry_msgs_generate_messages_nodejs
[  9%] Built target geometry_msgs_generate_messages_py
[ 18%] [32mBuilding CXX object CMakeFiles/webcam_pub.dir/src/webcam_pub.cpp.o[0m
[ 18%] Built target sensor_msgs_generate_messages_py
[ 18%] Built target sensor_msgs_generate_messages_lisp
[ 18%] Built target sensor_msgs_generate_messages_cpp
[ 18%] Built target sensor_msgs_generate_messages_eus
[ 18%] Built target sensor_msgs_generate_messages_nodejs
[ 18%] Built target std_srvs_generate_messages_eus
[ 18%] Built target std_srvs_generate_messages_cpp
[ 18%] Built target std_srvs_generate_messages_nodejs
[ 18%] Built target mav_msgs_generate_messages_cpp
[ 18%] Built target std_srvs_generate_messages_lisp
[ 18%] Built target std_srvs_generate_messages_py
[ 18%] Built target mav_msgs_generate_messages_lisp
[ 18%] Built target mav_msgs_generate_messages_nodejs
[ 18%] Built target mav_msgs_generate_messages_py
[ 18%] Built target mav_msgs_generate_messages_eus
[ 18%] Built target roscpp_generate_messages_cpp
[ 18%] Built target roscpp_generate_messages_eus
[ 18%] Built target roscpp_generate_messages_lisp
[ 18%] Built target roscpp_generate_messages_nodejs
[ 18%] Built target roscpp_generate_messages_py
[ 18%] Built target rosgraph_msgs_generate_messages_cpp
[ 18%] Built target rosgraph_msgs_generate_messages_eus
[ 18%] Built target rosgraph_msgs_generate_messages_lisp
[ 18%] Built target rosgraph_msgs_generate_messages_nodejs
[ 36%] Built target roi
[ 54%] Built target waypoint_publisher
[ 72%] Built target waypoint_publisher_file
[ 90%] Built target hovering_example
[01m[K/home/varun/rotors_ws/src/rotors_simulator/rotors_gazebo/src/webcam_pub.cpp:[m[K In function ‘[01m[Kvoid imageCallback(const ImageConstPtr&)[m[K’:
[01m[K/home/varun/rotors_ws/src/rotors_simulator/rotors_gazebo/src/webcam_pub.cpp:46:38:[m[K [01;31m[Kerror: [m[K‘[01m[Kord[m[K’ is not a member of ‘[01m[Kcv[m[K’
   46 |     if (cv::waitKey(1) & 0xFF == cv::[01;31m[Kord[m[K('q')){
      |                                      [01;31m[K^~~[m[K
make[2]: *** [CMakeFiles/webcam_pub.dir/build.make:76: CMakeFiles/webcam_pub.dir/src/webcam_pub.cpp.o] Error 1
make[1]: *** [CMakeFiles/Makefile2:1519: CMakeFiles/webcam_pub.dir/all] Error 2
make: *** [Makefile:146: all] Error 2
