[  0%] Built target std_msgs_generate_messages_cpp
[  9%] Built target sdf
[35m[1mConsolidate compiler generated dependencies of target webcam_pub[0m
[  9%] Built target rosgraph_msgs_generate_messages_py
[  9%] Built target gazebo_msgs_generate_messages_cpp
[  9%] Built target gazebo_msgs_generate_messages_eus
[  9%] Built target gazebo_msgs_generate_messages_lisp
[  9%] Built target gazebo_msgs_generate_messages_py
[  9%] Built target std_msgs_generate_messages_eus
[  9%] Built target std_msgs_generate_messages_lisp
[  9%] Built target gazebo_msgs_generate_messages_nodejs
[  9%] Built target std_msgs_generate_messages_nodejs
[  9%] Built target trajectory_msgs_generate_messages_cpp
[  9%] Built target std_msgs_generate_messages_py
[  9%] Built target trajectory_msgs_generate_messages_lisp
[  9%] Built target trajectory_msgs_generate_messages_py
[  9%] Built target trajectory_msgs_generate_messages_nodejs
[  9%] Built target geometry_msgs_generate_messages_eus
[  9%] Built target geometry_msgs_generate_messages_cpp
[  9%] Built target trajectory_msgs_generate_messages_eus
[  9%] Built target geometry_msgs_generate_messages_lisp
[  9%] Built target geometry_msgs_generate_messages_py
[ 18%] Built target geometry_msgs_generate_messages_nodejs
[ 18%] [32mBuilding CXX object CMakeFiles/webcam_pub.dir/src/webcam_pub.cpp.o[0m
[ 18%] Built target sensor_msgs_generate_messages_cpp
[ 18%] Built target sensor_msgs_generate_messages_eus
[ 18%] Built target sensor_msgs_generate_messages_lisp
[ 18%] Built target std_srvs_generate_messages_lisp
[ 18%] Built target sensor_msgs_generate_messages_nodejs
[ 18%] Built target std_srvs_generate_messages_cpp
[ 18%] Built target std_srvs_generate_messages_eus
[ 18%] Built target sensor_msgs_generate_messages_py
[ 18%] Built target std_srvs_generate_messages_py
[ 18%] Built target std_srvs_generate_messages_nodejs
[ 18%] Built target mav_msgs_generate_messages_cpp
[ 18%] Built target mav_msgs_generate_messages_lisp
[ 18%] Built target mav_msgs_generate_messages_eus
[ 18%] Built target mav_msgs_generate_messages_nodejs
[ 18%] Built target mav_msgs_generate_messages_py
[ 18%] Built target roscpp_generate_messages_eus
[ 18%] Built target roscpp_generate_messages_cpp
[ 18%] Built target roscpp_generate_messages_lisp
[ 18%] Built target roscpp_generate_messages_nodejs
[ 18%] Built target roscpp_generate_messages_py
[ 18%] Built target rosgraph_msgs_generate_messages_cpp
[ 18%] Built target rosgraph_msgs_generate_messages_eus
[ 18%] Built target rosgraph_msgs_generate_messages_lisp
[ 18%] Built target rosgraph_msgs_generate_messages_nodejs
[ 36%] Built target roi
[ 72%] Built target waypoint_publisher
[ 72%] Built target waypoint_publisher_file
[ 90%] Built target hovering_example
[100%] [32m[1mLinking CXX executable /home/varun/rotors_ws/devel/.private/rotors_gazebo/lib/rotors_gazebo/webcam_pub[0m
[100%] Built target webcam_pub
